Performing C SOURCE FILE Test HAVE___DECLSPEC_DLLEXPORT_ failed with the following output:
Change Dir: /home/jingyi/CLionProjects/libdivsufsort/cmake-build-debug/CMakeFiles/CMakeTmp

Run Build Command:"/usr/bin/make" "cmTC_f107c/fast"
/usr/bin/make -f CMakeFiles/cmTC_f107c.dir/build.make CMakeFiles/cmTC_f107c.dir/build
make[1]: Entering directory '/home/jingyi/CLionProjects/libdivsufsort/cmake-build-debug/CMakeFiles/CMakeTmp'
Building C object CMakeFiles/cmTC_f107c.dir/src.c.o
/usr/bin/cc   -Wall -DHAVE___DECLSPEC_DLLEXPORT_   -o CMakeFiles/cmTC_f107c.dir/src.c.o   -c /home/jingyi/CLionProjects/libdivsufsort/cmake-build-debug/CMakeFiles/CMakeTmp/src.c
/home/jingyi/CLionProjects/libdivsufsort/cmake-build-debug/CMakeFiles/CMakeTmp/src.c:1:1: warning: return type defaults to ‘int’ [-Wimplicit-int]
 __declspec(dllexport) void func(); void func() { } int main() { func(); return 0; }
 ^
/home/jingyi/CLionProjects/libdivsufsort/cmake-build-debug/CMakeFiles/CMakeTmp/src.c: In function ‘__declspec’:
/home/jingyi/CLionProjects/libdivsufsort/cmake-build-debug/CMakeFiles/CMakeTmp/src.c:1:48: error: expected ‘=’, ‘,’, ‘;’, ‘asm’ or ‘__attribute__’ before ‘{’ token
 __declspec(dllexport) void func(); void func() { } int main() { func(); return 0; }
                                                ^
/home/jingyi/CLionProjects/libdivsufsort/cmake-build-debug/CMakeFiles/CMakeTmp/src.c:1:63: error: expected ‘=’, ‘,’, ‘;’, ‘asm’ or ‘__attribute__’ before ‘{’ token
 __declspec(dllexport) void func(); void func() { } int main() { func(); return 0; }
                                                               ^
/home/jingyi/CLionProjects/libdivsufsort/cmake-build-debug/CMakeFiles/CMakeTmp/src.c:1:1: warning: type of ‘dllexport’ defaults to ‘int’ [-Wimplicit-int]
 __declspec(dllexport) void func(); void func() { } int main() { func(); return 0; }
 ^
/home/jingyi/CLionProjects/libdivsufsort/cmake-build-debug/CMakeFiles/CMakeTmp/src.c:1:28: error: declaration for parameter ‘func’ but no such parameter
 __declspec(dllexport) void func(); void func() { } int main() { func(); return 0; }
                            ^
/home/jingyi/CLionProjects/libdivsufsort/cmake-build-debug/CMakeFiles/CMakeTmp/src.c:1:63: error: expected ‘{’ at end of input
 __declspec(dllexport) void func(); void func() { } int main() { func(); return 0; }
                                                               ^
/home/jingyi/CLionProjects/libdivsufsort/cmake-build-debug/CMakeFiles/CMakeTmp/src.c:1:63: warning: control reaches end of non-void function [-Wreturn-type]
 __declspec(dllexport) void func(); void func() { } int main() { func(); return 0; }
                                                               ^
CMakeFiles/cmTC_f107c.dir/build.make:65: recipe for target 'CMakeFiles/cmTC_f107c.dir/src.c.o' failed
make[1]: *** [CMakeFiles/cmTC_f107c.dir/src.c.o] Error 1
make[1]: Leaving directory '/home/jingyi/CLionProjects/libdivsufsort/cmake-build-debug/CMakeFiles/CMakeTmp'
Makefile:126: recipe for target 'cmTC_f107c/fast' failed
make: *** [cmTC_f107c/fast] Error 2

Source file was:
__declspec(dllexport) void func(); void func() { } int main() { func(); return 0; }
Performing C SOURCE FILE Test HAVE___DECLSPEC_DLLIMPORT_ failed with the following output:
Change Dir: /home/jingyi/CLionProjects/libdivsufsort/cmake-build-debug/CMakeFiles/CMakeTmp

Run Build Command:"/usr/bin/make" "cmTC_ce6cb/fast"
/usr/bin/make -f CMakeFiles/cmTC_ce6cb.dir/build.make CMakeFiles/cmTC_ce6cb.dir/build
make[1]: Entering directory '/home/jingyi/CLionProjects/libdivsufsort/cmake-build-debug/CMakeFiles/CMakeTmp'
Building C object CMakeFiles/cmTC_ce6cb.dir/src.c.o
/usr/bin/cc   -Wall -DHAVE___DECLSPEC_DLLIMPORT_   -o CMakeFiles/cmTC_ce6cb.dir/src.c.o   -c /home/jingyi/CLionProjects/libdivsufsort/cmake-build-debug/CMakeFiles/CMakeTmp/src.c
/home/jingyi/CLionProjects/libdivsufsort/cmake-build-debug/CMakeFiles/CMakeTmp/src.c:1:1: warning: return type defaults to ‘int’ [-Wimplicit-int]
 __declspec(dllimport) void func(); void func() { } int main() { func(); return 0; }
 ^
/home/jingyi/CLionProjects/libdivsufsort/cmake-build-debug/CMakeFiles/CMakeTmp/src.c: In function ‘__declspec’:
/home/jingyi/CLionProjects/libdivsufsort/cmake-build-debug/CMakeFiles/CMakeTmp/src.c:1:48: error: expected ‘=’, ‘,’, ‘;’, ‘asm’ or ‘__attribute__’ before ‘{’ token
 __declspec(dllimport) void func(); void func() { } int main() { func(); return 0; }
                                                ^
/home/jingyi/CLionProjects/libdivsufsort/cmake-build-debug/CMakeFiles/CMakeTmp/src.c:1:63: error: expected ‘=’, ‘,’, ‘;’, ‘asm’ or ‘__attribute__’ before ‘{’ token
 __declspec(dllimport) void func(); void func() { } int main() { func(); return 0; }
                                                               ^
/home/jingyi/CLionProjects/libdivsufsort/cmake-build-debug/CMakeFiles/CMakeTmp/src.c:1:1: warning: type of ‘dllimport’ defaults to ‘int’ [-Wimplicit-int]
 __declspec(dllimport) void func(); void func() { } int main() { func(); return 0; }
 ^
/home/jingyi/CLionProjects/libdivsufsort/cmake-build-debug/CMakeFiles/CMakeTmp/src.c:1:28: error: declaration for parameter ‘func’ but no such parameter
 __declspec(dllimport) void func(); void func() { } int main() { func(); return 0; }
                            ^
/home/jingyi/CLionProjects/libdivsufsort/cmake-build-debug/CMakeFiles/CMakeTmp/src.c:1:63: error: expected ‘{’ at end of input
 __declspec(dllimport) void func(); void func() { } int main() { func(); return 0; }
                                                               ^
/home/jingyi/CLionProjects/libdivsufsort/cmake-build-debug/CMakeFiles/CMakeTmp/src.c:1:63: warning: control reaches end of non-void function [-Wreturn-type]
 __declspec(dllimport) void func(); void func() { } int main() { func(); return 0; }
                                                               ^
CMakeFiles/cmTC_ce6cb.dir/build.make:65: recipe for target 'CMakeFiles/cmTC_ce6cb.dir/src.c.o' failed
make[1]: *** [CMakeFiles/cmTC_ce6cb.dir/src.c.o] Error 1
make[1]: Leaving directory '/home/jingyi/CLionProjects/libdivsufsort/cmake-build-debug/CMakeFiles/CMakeTmp'
Makefile:126: recipe for target 'cmTC_ce6cb/fast' failed
make: *** [cmTC_ce6cb/fast] Error 2

Source file was:
__declspec(dllimport) void func(); void func() { } int main() { func(); return 0; }
